<?xml version="1.0" encoding="UTF-8"?>
<testng-results ignored="0" total="2" passed="2" failed="0" skipped="0">
  <reporter-output>
  </reporter-output>
  <suite started-at="2023-09-06T21:08:29 IST" name="Suite" finished-at="2023-09-06T21:08:33 IST" duration-ms="3441">
    <groups>
    </groups>
    <test started-at="2023-09-06T21:08:29 IST" name="Test" finished-at="2023-09-06T21:08:33 IST" duration-ms="3441">
      <class name="modules.ApplyLeave">
        <test-method signature="clickOnApplyLeave()[pri:0, instance:modules.ApplyLeave@4228bf58]" started-at="2023-09-06T21:08:29 IST" name="clickOnApplyLeave" finished-at="2023-09-06T21:08:30 IST" duration-ms="607" status="PASS">
          <reporter-output>
          </reporter-output>
        </test-method> <!-- clickOnApplyLeave -->
        <test-method is-config="true" signature="closeBrowser()[pri:0, instance:modules.ApplyLeave@4228bf58]" started-at="2023-09-06T21:08:30 IST" name="closeBrowser" finished-at="2023-09-06T21:08:30 IST" duration-ms="255" status="PASS">
          <reporter-output>
          </reporter-output>
        </test-method> <!-- closeBrowser -->
      </class> <!-- modules.ApplyLeave -->
      <class name="modules.MyTimesheet">
        <test-method signature="clickOnMyTimeSheet()[pri:0, instance:modules.MyTimesheet@2e73d5eb]" started-at="2023-09-06T21:08:30 IST" name="clickOnMyTimeSheet" finished-at="2023-09-06T21:08:33 IST" duration-ms="2241" status="PASS">
          <reporter-output>
          </reporter-output>
        </test-method> <!-- clickOnMyTimeSheet -->
        <test-method is-config="true" signature="closeBrowser()[pri:0, instance:modules.MyTimesheet@2e73d5eb]" started-at="2023-09-06T21:08:33 IST" name="closeBrowser" finished-at="2023-09-06T21:08:33 IST" duration-ms="180" status="PASS">
          <reporter-output>
          </reporter-output>
        </test-method> <!-- closeBrowser -->
      </class> <!-- modules.MyTimesheet -->
    </test> <!-- Test -->
  </suite> <!-- Suite -->
</testng-results>
