<?xml version="1.0" encoding="UTF-8"?>
<testng-results ignored="0" total="2" passed="2" failed="0" skipped="0">
  <reporter-output>
  </reporter-output>
  <suite started-at="2023-09-06T20:08:25 IST" name="Suite" finished-at="2023-09-06T20:08:29 IST" duration-ms="3823">
    <groups>
    </groups>
    <test started-at="2023-09-06T20:08:25 IST" name="Test" finished-at="2023-09-06T20:08:29 IST" duration-ms="3823">
      <class name="modules.ApplyLeave">
        <test-method signature="clickOnApplyLeave()[pri:0, instance:modules.ApplyLeave@79316f3a]" started-at="2023-09-06T20:08:25 IST" name="clickOnApplyLeave" finished-at="2023-09-06T20:08:26 IST" duration-ms="647" status="PASS">
          <reporter-output>
          </reporter-output>
        </test-method> <!-- clickOnApplyLeave -->
      </class> <!-- modules.ApplyLeave -->
      <class name="modules.MyTimesheet">
        <test-method signature="clickOnMyTimeSheet()[pri:0, instance:modules.MyTimesheet@508a65bf]" started-at="2023-09-06T20:08:26 IST" name="clickOnMyTimeSheet" finished-at="2023-09-06T20:08:29 IST" duration-ms="3041" status="PASS">
          <reporter-output>
          </reporter-output>
        </test-method> <!-- clickOnMyTimeSheet -->
      </class> <!-- modules.MyTimesheet -->
    </test> <!-- Test -->
  </suite> <!-- Suite -->
</testng-results>
